<?xml version="1.0" encoding="UTF-8"?>
<!-- Generated by org.testng.reporters.JUnitXMLReporter -->
<testsuite hostname="DELL-PC" name="Test - 1" tests="1" failures="1" timestamp="10 Nov 2018 13:27:29 GMT" time="122.449" errors="0">
  <testcase name="feature" time="120.905" classname="runners.TestRunnerTestNg">
    <failure type="cucumber.runtime.CucumberException" message="java.lang.AssertionError: abhishek expected [abhi] but found [Failed to verify : ]">
      <![CDATA[cucumber.runtime.CucumberException: java.lang.AssertionError: abhishek expected [abhi] but found [Failed to verify : ]
	at cucumber.api.testng.TestNGCucumberRunner.runCucumber(TestNGCucumberRunner.java:69)
	at cucumber.api.testng.AbstractTestNGCucumberTests.feature(AbstractTestNGCucumberTests.java:21)
Caused by: java.lang.AssertionError: abhishek expected [abhi] but found [Failed to verify : ]
	at stepDefinitions.CartPageSteps.moves_to_checkout_from_mini_cart(CartPageSteps.java:26)
	at ✽.And moves to checkout from mini cart(End2End_Test.feature:8)
... Removed 38 stack frames]]>
    </failure>
  </testcase> <!-- feature -->
</testsuite> <!-- Test - 1 -->
